TN:
SF:/Users/ahsiao/Tech/ada/capstone/taiwan/app.js
FNF:0
FNH:0
DA:8,1
DA:11,1
DA:14,1
DA:15,1
DA:20,1
DA:23,1
DA:27,1
DA:28,0
DA:30,1
DA:33,1
LF:10
LH:9
BRDA:27,0,0,0
BRDA:27,0,1,1
BRF:2
BRH:1
end_of_record
TN:
SF:/Users/ahsiao/Tech/ada/capstone/taiwan/controllers/foodJointController.js
FN:5,(anonymous_0)
FNF:1
FNH:0
FNDA:0,(anonymous_0)
DA:2,1
DA:3,1
DA:5,1
DA:6,0
DA:7,0
LF:5
LH:3
BRF:0
BRH:0
end_of_record
TN:
SF:/Users/ahsiao/Tech/ada/capstone/taiwan/handlers/errorHandlers.js
FN:1,(anonymous_0)
FN:1,(anonymous_1)
FN:5,(anonymous_2)
FN:19,(anonymous_3)
FN:27,(anonymous_4)
FN:31,(anonymous_5)
FNF:6
FNH:3
FNDA:1,(anonymous_0)
FNDA:0,(anonymous_1)
FNDA:1,(anonymous_2)
FNDA:0,(anonymous_3)
FNDA:0,(anonymous_4)
FNDA:1,(anonymous_5)
DA:1,1
DA:2,0
DA:5,1
DA:6,1
DA:7,1
DA:8,1
DA:19,1
DA:20,0
DA:21,0
DA:25,0
DA:26,0
DA:27,0
DA:31,1
DA:32,1
DA:33,1
LF:15
LH:9
BRDA:20,0,0,0
BRDA:20,0,1,0
BRDA:25,1,0,0
BRDA:25,1,1,0
BRDA:32,2,0,1
BRDA:32,2,1,0
BRF:6
BRH:1
end_of_record
TN:
SF:/Users/ahsiao/Tech/ada/capstone/taiwan/models/FoodJoint.js
FNF:0
FNH:0
DA:1,1
DA:3,1
DA:23,1
LF:3
LH:3
BRF:0
BRH:0
end_of_record
TN:
SF:/Users/ahsiao/Tech/ada/capstone/taiwan/routes/index.js
FNF:0
FNH:0
DA:6,1
DA:8,1
LF:2
LH:2
BRF:0
BRH:0
end_of_record
TN:
SF:/Users/ahsiao/Tech/ada/capstone/taiwan/tests/example/sum.js
FN:1,sum
FNF:1
FNH:1
FNDA:1,sum
DA:2,1
DA:4,1
LF:2
LH:2
BRF:0
BRH:0
end_of_record
